生成启动时间为 2015/12/24 星期四 下午 5:35:34。
     1>项目“d:\我的资料库\documents\visual studio 2015\Projects\demo1\demo1\demo1.vcxproj”在节点 2 上(Build 个目标)。
     1>ClCompile:
         E:\Program Files\Microsoft Visual Studio 14.0\VC\bin\CL.exe /c /ZI /nologo /W3 /WX- /sdl /Od /Oy- /D WIN32 /D _DEBUG /D _CONSOLE /D _UNICODE /D UNICODE /Gm /EHsc /RTC1 /MDd /GS /fp:precise /Zc:wchar_t /Zc:forScope /Zc:inline /Fo"Debug\\" /Fd"Debug\vc140.pdb" /Gd /TP /analyze- /errorReport:prompt test9.cpp
         test9.cpp
     1>d:\我的资料库\documents\visual studio 2015\projects\demo1\demo1\test9.cpp(54): warning C4244: “初始化”: 从“double”转换到“int”，可能丢失数据
       Link:
         E:\Program Files\Microsoft Visual Studio 14.0\VC\bin\link.exe /ERRORREPORT:PROMPT /OUT:"d:\我的资料库\documents\visual studio 2015\Projects\demo1\Debug\demo1.exe" /INCREMENTAL /NOLOGO kernel32.lib user32.lib gdi32.lib winspool.lib comdlg32.lib advapi32.lib shell32.lib ole32.lib oleaut32.lib uuid.lib odbc32.lib odbccp32.lib /MANIFEST /MANIFESTUAC:"level='asInvoker' uiAccess='false'" /manifest:embed /Debug /PDB:"d:\我的资料库\documents\visual studio 2015\Projects\demo1\Debug\demo1.pdb" /SUBSYSTEM:CONSOLE /TLBID:1 /DYNAMICBASE /NXCOMPAT /IMPLIB:"d:\我的资料库\documents\visual studio 2015\Projects\demo1\Debug\demo1.lib" /MACHINE:X86 Debug\test.obj
         Debug\test2.obj
         Debug\test3.obj
         Debug\test4.obj
         Debug\test5.obj
         Debug\test6.obj
         Debug\test7.obj
         Debug\test8.obj
         Debug\test9.obj
         demo1.vcxproj -> d:\我的资料库\documents\visual studio 2015\Projects\demo1\Debug\demo1.exe
     1>已完成生成项目“d:\我的资料库\documents\visual studio 2015\Projects\demo1\demo1\demo1.vcxproj”(Build 个目标)的操作。

已成功生成。

已用时间 00:00:00.72
